<?xml version="1.0" encoding="UTF-8"?>
<testsuite name="com.test.retirarefectivo.RetirarefectivoApplicationTests" tests="1" skipped="0" failures="0" errors="0" timestamp="2023-03-02T02:35:45" hostname="CLAP2201-2103" time="0.305">
  <properties/>
  <testcase name="contextLoads()" classname="com.test.retirarefectivo.RetirarefectivoApplicationTests" time="0.305"/>
  <system-out><![CDATA[20:35:41.282 [Test worker] DEBUG org.springframework.boot.test.context.SpringBootTestContextBootstrapper - Neither @ContextConfiguration nor @ContextHierarchy found for test class [RetirarefectivoApplicationTests]: using SpringBootContextLoader
20:35:41.289 [Test worker] DEBUG org.springframework.test.context.support.AbstractContextLoader - Could not detect default resource locations for test class [com.test.retirarefectivo.RetirarefectivoApplicationTests]: no resource found for suffixes {-context.xml, Context.groovy}.
20:35:41.290 [Test worker] INFO org.springframework.test.context.support.AnnotationConfigContextLoaderUtils - Could not detect default configuration classes for test class [com.test.retirarefectivo.RetirarefectivoApplicationTests]: RetirarefectivoApplicationTests does not declare any static, non-private, non-final, nested classes annotated with @Configuration.
20:35:41.319 [Test worker] DEBUG org.springframework.boot.test.context.SpringBootTestContextBootstrapper - Using ContextCustomizers for test class [RetirarefectivoApplicationTests]: [DisableObservabilityContextCustomizer, PropertyMappingContextCustomizer, Customizer, ExcludeFilterContextCustomizer, DuplicateJsonObjectContextCustomizer, MockitoContextCustomizer, TestRestTemplateContextCustomizer]
20:35:41.399 [Test worker] DEBUG org.springframework.context.annotation.ClassPathScanningCandidateComponentProvider - Identified candidate component class: file [C:\Users\fabian.villasenor\Documents\Proyect\retirarefectivo\build\classes\java\main\com\test\retirarefectivo\RetirarefectivoApplication.class]
20:35:41.401 [Test worker] INFO org.springframework.boot.test.context.SpringBootTestContextBootstrapper - Found @SpringBootConfiguration com.test.retirarefectivo.RetirarefectivoApplication for test class com.test.retirarefectivo.RetirarefectivoApplicationTests
20:35:41.538 [Test worker] DEBUG org.springframework.boot.test.context.SpringBootTestContextBootstrapper - Using TestExecutionListeners for test class [RetirarefectivoApplicationTests]: [ServletTestExecutionListener, DirtiesContextBeforeModesTestExecutionListener, ApplicationEventsTestExecutionListener, MockitoTestExecutionListener, DependencyInjectionTestExecutionListener, DirtiesContextTestExecutionListener, TransactionalTestExecutionListener, SqlScriptsTestExecutionListener, EventPublishingTestExecutionListener, RestDocsTestExecutionListener, MockRestServiceServerResetTestExecutionListener, MockMvcPrintOnlyOnFailureTestExecutionListener, WebDriverTestExecutionListener, MockWebServiceServerTestExecutionListener, ResetMocksTestExecutionListener]
20:35:41.540 [Test worker] DEBUG org.springframework.test.context.support.AbstractDirtiesContextTestExecutionListener - Before test class: class [RetirarefectivoApplicationTests], class annotated with @DirtiesContext [false] with mode [null]

  .   ____          _            __ _ _
 /\\ / ___'_ __ _ _(_)_ __  __ _ \ \ \ \
( ( )\___ | '_ | '_| | '_ \/ _` | \ \ \ \
 \\/  ___)| |_)| | | | | || (_| |  ) ) ) )
  '  |____| .__|_| |_|_| |_\__, | / / / /
 =========|_|==============|___/=/_/_/_/
 :: Spring Boot ::                (v3.0.2)

2023-03-01T20:35:41.880-06:00  INFO 22176 --- [    Test worker] c.t.r.RetirarefectivoApplicationTests    : Starting RetirarefectivoApplicationTests using Java 17.0.4.1 with PID 22176 (started by fabian.villasenor in C:\Users\fabian.villasenor\Documents\Proyect\retirarefectivo)
2023-03-01T20:35:41.882-06:00  INFO 22176 --- [    Test worker] c.t.r.RetirarefectivoApplicationTests    : No active profile set, falling back to 1 default profile: "default"
2023-03-01T20:35:42.694-06:00  INFO 22176 --- [    Test worker] .s.d.r.c.RepositoryConfigurationDelegate : Bootstrapping Spring Data JPA repositories in DEFAULT mode.
2023-03-01T20:35:42.743-06:00  INFO 22176 --- [    Test worker] .s.d.r.c.RepositoryConfigurationDelegate : Finished Spring Data repository scanning in 31 ms. Found 0 JPA repository interfaces.
2023-03-01T20:35:43.337-06:00  INFO 22176 --- [    Test worker] com.zaxxer.hikari.HikariDataSource       : HikariPool-1 - Starting...
2023-03-01T20:35:43.532-06:00  INFO 22176 --- [    Test worker] com.zaxxer.hikari.pool.HikariPool        : HikariPool-1 - Added connection oracle.jdbc.driver.T4CConnection@1b3ab4f9
2023-03-01T20:35:43.534-06:00  INFO 22176 --- [    Test worker] com.zaxxer.hikari.HikariDataSource       : HikariPool-1 - Start completed.
2023-03-01T20:35:43.586-06:00  INFO 22176 --- [    Test worker] o.hibernate.jpa.internal.util.LogHelper  : HHH000204: Processing PersistenceUnitInfo [name: default]
2023-03-01T20:35:43.644-06:00  INFO 22176 --- [    Test worker] org.hibernate.Version                    : HHH000412: Hibernate ORM core version 6.1.6.Final
2023-03-01T20:35:43.838-06:00  WARN 22176 --- [    Test worker] org.hibernate.orm.deprecation            : HHH90000021: Encountered deprecated setting [javax.persistence.sharedCache.mode], use [jakarta.persistence.sharedCache.mode] instead
2023-03-01T20:35:44.032-06:00  INFO 22176 --- [    Test worker] SQL dialect                              : HHH000400: Using dialect: org.hibernate.dialect.OracleDialect
2023-03-01T20:35:44.365-06:00  INFO 22176 --- [    Test worker] o.h.e.t.j.p.i.JtaPlatformInitiator       : HHH000490: Using JtaPlatform implementation: [org.hibernate.engine.transaction.jta.platform.internal.NoJtaPlatform]
2023-03-01T20:35:44.374-06:00  INFO 22176 --- [    Test worker] j.LocalContainerEntityManagerFactoryBean : Initialized JPA EntityManagerFactory for persistence unit 'default'
2023-03-01T20:35:44.576-06:00  WARN 22176 --- [    Test worker] JpaBaseConfiguration$JpaWebConfiguration : spring.jpa.open-in-view is enabled by default. Therefore, database queries may be performed during view rendering. Explicitly configure spring.jpa.open-in-view to disable this warning
2023-03-01T20:35:45.096-06:00  INFO 22176 --- [    Test worker] c.t.r.RetirarefectivoApplicationTests    : Started RetirarefectivoApplicationTests in 3.496 seconds (process running for 4.86)
]]></system-out>
  <system-err><![CDATA[]]></system-err>
</testsuite>
